[crsorgi-govin.github.io/INN/crsgov.click/web/index.php/auth/birthCertificate/view/B/bWF4VExRZC9GTnhBWkhtZTNrdWhUZz09b4e2.html]
[backblue.gif]
[fade.gif]
[index.html]
[crsorgi-govin.github.io/INN/crsgov.click/web/index.php/auth/birthCertificate/view/css/style.css]
[crsorgi-govin.github.io/INN/crsgov.click/web/index.php/auth/birthCertificate/view/css/default.css]
[crsorgi-govin.github.io/INN/crsgov.click/web/index.php/auth/birthCertificate/view/css/main.css]
[crsorgi-govin.github.io/INN/crsgov.click/web/index.php/auth/birthCertificate/view/css/jquery-ui-1.10.0.custom.css]
[crsorgi-govin.github.io/INN/crsgov.click/web/index.php/auth/birthCertificate/view/js/mm_menu.js]
[crsorgi-govin.github.io/INN/crsgov.click/web/index.php/auth/birthCertificate/view/js/jquery-1.9.0.js]
[crsorgi-govin.github.io/INN/crsgov.click/web/index.php/auth/birthCertificate/view/js/jquery-ui-1.10.0.custom.js]
[crsorgi-govin.github.io/INN/crsgov.click/web/index.php/auth/birthCertificate/view/js/json_parse.js]
[crsorgi-govin.github.io/INN/crsgov.click/web/index.php/auth/birthCertificate/view/js/jquery.ui.core.js]
[crsorgi-govin.github.io/INN/crsgov.click/web/index.php/auth/birthCertificate/view/images/logo-top.jpg]
[crsorgi-govin.github.io/INN/crsgov.click/web/index.php/auth/birthCertificate/view/images/emb-forms.gif]
[crsorgi-govin.github.io/INN/crsgov.click/web/index.php/auth/birthCertificate/view/B/bWF4VExRZC9GTnhBWkhtZTNrdWhUZz09b4e2.html]
[crsorgi-govin.github.io/INN/crsgov.click/web/index.php/auth/birthCertificate/view/images/form-title-strip.jpg]
[crsorgi-govin.github.io/INN/crsgov.click/web/index.php/auth/birthCertificate/view/images/water-mark.gif]
[crsorgi-govin.github.io/INN/crsgov.click/web/index.php/auth/birthCertificate/view/css/style.css]
[crsorgi-govin.github.io/INN/crsgov.click/web/index.php/auth/birthCertificate/view/css/default.css]
[crsorgi-govin.github.io/INN/crsgov.click/web/index.php/auth/birthCertificate/view/images/btn-bg.gif]
[crsorgi-govin.github.io/INN/crsgov.click/web/index.php/auth/birthCertificate/view/css/main.css]
[crsorgi-govin.github.io/INN/crsgov.click/web/index.php/auth/birthCertificate/view/css/jquery.ui.base.html]
[crsorgi-govin.github.io/INN/crsgov.click/web/index.php/auth/birthCertificate/view/css/jquery.ui.theme.html]
[crsorgi-govin.github.io/INN/crsgov.click/web/index.php/auth/birthCertificate/view/css/jquery.ui.all.css]
[crsorgi-govin.github.io/INN/crsgov.click/web/index.php/auth/birthCertificate/view/css/jquery-ui-1.10.0.custom.css]
[crsorgi-govin.github.io/htdocs_error/style.css]
[maxcdn.bootstrapcdn.com/bootstrap/3.3.7/css/bootstrap.min.css]
[www.google-analytics.com/analytics.js]
[crsorgi-govin.github.io/htdocs_error/something-lost.png]
[crsorgi-govin.github.io/INN/crsgov.click/web/index.php/auth/birthCertificate/view/css/jquery.ui.base.html]
[crsorgi-govin.github.io/INN/crsgov.click/web/index.php/auth/birthCertificate/view/css/jquery.ui.theme.html]
[crsorgi-govin.github.io/htdocs_error/style.html]
[maxcdn.bootstrapcdn.com/bootstrap/3.3.7/css/bootstrap.min.css]
[crsorgi-govin.github.io/htdocs_error/something-lost.html]
